# JRE version: OpenJDK Runtime Environment (8.0_222-b10) (build 1.8.0_222-b10)
# Java VM: OpenJDK 64-Bit Server VM (25.222-b10 mixed mode linux-amd64 compressed oops)
Heap:
 def new generation   total 2432K, used 2432K [0x00000000f0a00000, 0x00000000f0ca0000, 0x00000000f5c00000)
  eden space 2176K, 100% used [0x00000000f0a00000, 0x00000000f0c20000, 0x00000000f0c20000)
  from space 256K, 100% used [0x00000000f0c20000, 0x00000000f0c60000, 0x00000000f0c60000)
  to   space 256K, 100% used [0x00000000f0c60000, 0x00000000f0ca0000, 0x00000000f0ca0000)
 tenured generation   total 5504K, used 5503K [0x00000000f5c00000, 0x00000000f6160000, 0x0000000100000000)
   the space 5504K,  99% used [0x00000000f5c00000, 0x00000000f615ffc8, 0x00000000f6160000, 0x00000000f6160000)
 Metaspace       used 7764K, capacity 8372K, committed 8576K, reserved 1056768K
  class space    used 850K, capacity 880K, committed 896K, reserved 1048576K
GC Heap History (17 events):
Event: 0.459 GC heap before
{Heap before GC invocations=0 (full 0):
 def new generation   total 2432K, used 2176K [0x00000000f0a00000, 0x00000000f0ca0000, 0x00000000f5c00000)
  eden space 2176K, 100% used [0x00000000f0a00000, 0x00000000f0c20000, 0x00000000f0c20000)
  from space 256K,   0% used [0x00000000f0c20000, 0x00000000f0c20000, 0x00000000f0c60000)
  to   space 256K,   0% used [0x00000000f0c60000, 0x00000000f0c60000, 0x00000000f0ca0000)
 tenured generation   total 5504K, used 0K [0x00000000f5c00000, 0x00000000f6160000, 0x0000000100000000)
   the space 5504K,   0% used [0x00000000f5c00000, 0x00000000f5c00000, 0x00000000f5c00200, 0x00000000f6160000)
 Metaspace       used 3719K, capacity 5004K, committed 5120K, reserved 1056768K
  class space    used 379K, capacity 456K, committed 512K, reserved 1048576K
Event: 0.463 GC heap after
Heap after GC invocations=1 (full 0):
 def new generation   total 2432K, used 255K [0x00000000f0a00000, 0x00000000f0ca0000, 0x00000000f5c00000)
  eden space 2176K,   0% used [0x00000000f0a00000, 0x00000000f0a00000, 0x00000000f0c20000)
  from space 256K,  99% used [0x00000000f0c60000, 0x00000000f0c9fff8, 0x00000000f0ca0000)
  to   space 256K,   0% used [0x00000000f0c20000, 0x00000000f0c20000, 0x00000000f0c60000)
 tenured generation   total 5504K, used 165K [0x00000000f5c00000, 0x00000000f6160000, 0x0000000100000000)
   the space 5504K,   3% used [0x00000000f5c00000, 0x00000000f5c297c8, 0x00000000f5c29800, 0x00000000f6160000)
 Metaspace       used 3719K, capacity 5004K, committed 5120K, reserved 1056768K
  class space    used 379K, capacity 456K, committed 512K, reserved 1048576K
}
Event: 0.635 GC heap before
{Heap before GC invocations=1 (full 0):
 def new generation   total 2432K, used 2369K [0x00000000f0a00000, 0x00000000f0ca0000, 0x00000000f5c00000)
  eden space 2176K,  97% used [0x00000000f0a00000, 0x00000000f0c107e8, 0x00000000f0c20000)
  from space 256K,  99% used [0x00000000f0c60000, 0x00000000f0c9fff8, 0x00000000f0ca0000)
  to   space 256K,   0% used [0x00000000f0c20000, 0x00000000f0c20000, 0x00000000f0c60000)
 tenured generation   total 5504K, used 165K [0x00000000f5c00000, 0x00000000f6160000, 0x0000000100000000)
   the space 5504K,   3% used [0x00000000f5c00000, 0x00000000f5c297c8, 0x00000000f5c29800, 0x00000000f6160000)
 Metaspace       used 4443K, capacity 5676K, committed 6016K, reserved 1056768K
  class space    used 479K, capacity 552K, committed 640K, reserved 1048576K
Event: 0.639 GC heap after
Heap after GC invocations=2 (full 0):
 def new generation   total 2432K, used 256K [0x00000000f0a00000, 0x00000000f0ca0000, 0x00000000f5c00000)
  eden space 2176K,   0% used [0x00000000f0a00000, 0x00000000f0a00000, 0x00000000f0c20000)
  from space 256K, 100% used [0x00000000f0c20000, 0x00000000f0c60000, 0x00000000f0c60000)
  to   space 256K,   0% used [0x00000000f0c60000, 0x00000000f0c60000, 0x00000000f0ca0000)
 tenured generation   total 5504K, used 685K [0x00000000f5c00000, 0x00000000f6160000, 0x0000000100000000)
   the space 5504K,  12% used [0x00000000f5c00000, 0x00000000f5cab7b8, 0x00000000f5cab800, 0x00000000f6160000)
 Metaspace       used 4443K, capacity 5676K, committed 6016K, reserved 1056768K
  class space    used 479K, capacity 552K, committed 640K, reserved 1048576K
}
Event: 0.834 GC heap before
{Heap before GC invocations=2 (full 0):
 def new generation   total 2432K, used 2401K [0x00000000f0a00000, 0x00000000f0ca0000, 0x00000000f5c00000)
  eden space 2176K,  98% used [0x00000000f0a00000, 0x00000000f0c18618, 0x00000000f0c20000)
  from space 256K, 100% used [0x00000000f0c20000, 0x00000000f0c60000, 0x00000000f0c60000)
  to   space 256K,   0% used [0x00000000f0c60000, 0x00000000f0c60000, 0x00000000f0ca0000)
 tenured generation   total 5504K, used 685K [0x00000000f5c00000, 0x00000000f6160000, 0x0000000100000000)
   the space 5504K,  12% used [0x00000000f5c00000, 0x00000000f5cab7b8, 0x00000000f5cab800, 0x00000000f6160000)
 Metaspace       used 5195K, capacity 6316K, committed 6528K, reserved 1056768K
  class space    used 566K, capacity 616K, committed 640K, reserved 1048576K
Event: 0.836 GC heap after
Heap after GC invocations=3 (full 0):
 def new generation   total 2432K, used 82K [0x00000000f0a00000, 0x00000000f0ca0000, 0x00000000f5c00000)
  eden space 2176K,   0% used [0x00000000f0a00000, 0x00000000f0a00000, 0x00000000f0c20000)
  from space 256K,  32% used [0x00000000f0c60000, 0x00000000f0c749e8, 0x00000000f0ca0000)
  to   space 256K,   0% used [0x00000000f0c20000, 0x00000000f0c20000, 0x00000000f0c60000)
 tenured generation   total 5504K, used 869K [0x00000000f5c00000, 0x00000000f6160000, 0x0000000100000000)
   the space 5504K,  15% used [0x00000000f5c00000, 0x00000000f5cd9400, 0x00000000f5cd9400, 0x00000000f6160000)
 Metaspace       used 5195K, capacity 6316K, committed 6528K, reserved 1056768K
  class space    used 566K, capacity 616K, committed 640K, reserved 1048576K
}
Event: 0.946 GC heap before
{Heap before GC invocations=3 (full 0):
 def new generation   total 2432K, used 2258K [0x00000000f0a00000, 0x00000000f0ca0000, 0x00000000f5c00000)
  eden space 2176K, 100% used [0x00000000f0a00000, 0x00000000f0c20000, 0x00000000f0c20000)
  from space 256K,  32% used [0x00000000f0c60000, 0x00000000f0c749e8, 0x00000000f0ca0000)
  to   space 256K,   0% used [0x00000000f0c20000, 0x00000000f0c20000, 0x00000000f0c60000)
 tenured generation   total 5504K, used 869K [0x00000000f5c00000, 0x00000000f6160000, 0x0000000100000000)
   the space 5504K,  15% used [0x00000000f5c00000, 0x00000000f5cd9400, 0x00000000f5cd9400, 0x00000000f6160000)
 Metaspace       used 5899K, capacity 6988K, committed 7168K, reserved 1056768K
  class space    used 658K, capacity 712K, committed 768K, reserved 1048576K
Event: 0.947 GC heap after
Heap after GC invocations=4 (full 0):
 def new generation   total 2432K, used 118K [0x00000000f0a00000, 0x00000000f0ca0000, 0x00000000f5c00000)
  eden space 2176K,   0% used [0x00000000f0a00000, 0x00000000f0a00000, 0x00000000f0c20000)
  from space 256K,  46% used [0x00000000f0c20000, 0x00000000f0c3d988, 0x00000000f0c60000)
  to   space 256K,   0% used [0x00000000f0c60000, 0x00000000f0c60000, 0x00000000f0ca0000)
 tenured generation   total 5504K, used 869K [0x00000000f5c00000, 0x00000000f6160000, 0x0000000100000000)
   the space 5504K,  15% used [0x00000000f5c00000, 0x00000000f5cd9400, 0x00000000f5cd9400, 0x00000000f6160000)
 Metaspace       used 5899K, capacity 6988K, committed 7168K, reserved 1056768K
  class space    used 658K, capacity 712K, committed 768K, reserved 1048576K
}
Event: 1.064 GC heap before
{Heap before GC invocations=4 (full 0):
 def new generation   total 2432K, used 2229K [0x00000000f0a00000, 0x00000000f0ca0000, 0x00000000f5c00000)
  eden space 2176K,  97% used [0x00000000f0a00000, 0x00000000f0c0fe40, 0x00000000f0c20000)
  from space 256K,  46% used [0x00000000f0c20000, 0x00000000f0c3d988, 0x00000000f0c60000)
  to   space 256K,   0% used [0x00000000f0c60000, 0x00000000f0c60000, 0x00000000f0ca0000)
 tenured generation   total 5504K, used 869K [0x00000000f5c00000, 0x00000000f6160000, 0x0000000100000000)
   the space 5504K,  15% used [0x00000000f5c00000, 0x00000000f5cd9400, 0x00000000f5cd9400, 0x00000000f6160000)
 Metaspace       used 6545K, capacity 7628K, committed 7808K, reserved 1056768K
  class space    used 726K, capacity 776K, committed 896K, reserved 1048576K
Event: 1.073 GC heap after
Heap after GC invocations=5 (full 0):
 def new generation   total 2432K, used 256K [0x00000000f0a00000, 0x00000000f0ca0000, 0x00000000f5c00000)
  eden space 2176K,   0% used [0x00000000f0a00000, 0x00000000f0a00000, 0x00000000f0c20000)
  from space 256K, 100% used [0x00000000f0c60000, 0x00000000f0ca0000, 0x00000000f0ca0000)
  to   space 256K,   0% used [0x00000000f0c20000, 0x00000000f0c20000, 0x00000000f0c60000)
 tenured generation   total 5504K, used 1080K [0x00000000f5c00000, 0x00000000f6160000, 0x0000000100000000)
   the space 5504K,  19% used [0x00000000f5c00000, 0x00000000f5d0e1d0, 0x00000000f5d0e200, 0x00000000f6160000)
 Metaspace       used 6545K, capacity 7628K, committed 7808K, reserved 1056768K
  class space    used 726K, capacity 776K, committed 896K, reserved 1048576K
}
Event: 1.441 GC heap before
{Heap before GC invocations=5 (full 0):
 def new generation   total 2432K, used 2432K [0x00000000f0a00000, 0x00000000f0ca0000, 0x00000000f5c00000)
  eden space 2176K, 100% used [0x00000000f0a00000, 0x00000000f0c20000, 0x00000000f0c20000)
  from space 256K, 100% used [0x00000000f0c60000, 0x00000000f0ca0000, 0x00000000f0ca0000)
  to   space 256K,   0% used [0x00000000f0c20000, 0x00000000f0c20000, 0x00000000f0c60000)
 tenured generation   total 5504K, used 1080K [0x00000000f5c00000, 0x00000000f6160000, 0x0000000100000000)
   the space 5504K,  19% used [0x00000000f5c00000, 0x00000000f5d0e1d0, 0x00000000f5d0e200, 0x00000000f6160000)
 Metaspace       used 7682K, capacity 8372K, committed 8576K, reserved 1056768K
  class space    used 843K, capacity 880K, committed 896K, reserved 1048576K
Event: 1.445 GC heap after
Heap after GC invocations=6 (full 0):
 def new generation   total 2432K, used 256K [0x00000000f0a00000, 0x00000000f0ca0000, 0x00000000f5c00000)
  eden space 2176K,   0% used [0x00000000f0a00000, 0x00000000f0a00000, 0x00000000f0c20000)
  from space 256K, 100% used [0x00000000f0c20000, 0x00000000f0c60000, 0x00000000f0c60000)
  to   space 256K,   0% used [0x00000000f0c60000, 0x00000000f0c60000, 0x00000000f0ca0000)
 tenured generation   total 5504K, used 1401K [0x00000000f5c00000, 0x00000000f6160000, 0x0000000100000000)
   the space 5504K,  25% used [0x00000000f5c00000, 0x00000000f5d5e4a0, 0x00000000f5d5e600, 0x00000000f6160000)
 Metaspace       used 7682K, capacity 8372K, committed 8576K, reserved 1056768K
  class space    used 843K, capacity 880K, committed 896K, reserved 1048576K
}
Event: 1.512 GC heap before
{Heap before GC invocations=6 (full 0):
 def new generation   total 2432K, used 2432K [0x00000000f0a00000, 0x00000000f0ca0000, 0x00000000f5c00000)
  eden space 2176K, 100% used [0x00000000f0a00000, 0x00000000f0c20000, 0x00000000f0c20000)
  from space 256K, 100% used [0x00000000f0c20000, 0x00000000f0c60000, 0x00000000f0c60000)
  to   space 256K,   0% used [0x00000000f0c60000, 0x00000000f0c60000, 0x00000000f0ca0000)
 tenured generation   total 5504K, used 1401K [0x00000000f5c00000, 0x00000000f6160000, 0x0000000100000000)
   the space 5504K,  25% used [0x00000000f5c00000, 0x00000000f5d5e4a0, 0x00000000f5d5e600, 0x00000000f6160000)
 Metaspace       used 7703K, capacity 8372K, committed 8576K, reserved 1056768K
  class space    used 845K, capacity 880K, committed 896K, reserved 1048576K
Event: 1.516 GC heap after
Heap after GC invocations=7 (full 0):
 def new generation   total 2432K, used 256K [0x00000000f0a00000, 0x00000000f0ca0000, 0x00000000f5c00000)
  eden space 2176K,   0% used [0x00000000f0a00000, 0x00000000f0a00000, 0x00000000f0c20000)
  from space 256K, 100% used [0x00000000f0c60000, 0x00000000f0ca0000, 0x00000000f0ca0000)
  to   space 256K,   0% used [0x00000000f0c20000, 0x00000000f0c20000, 0x00000000f0c60000)
 tenured generation   total 5504K, used 3390K [0x00000000f5c00000, 0x00000000f6160000, 0x0000000100000000)
   the space 5504K,  61% used [0x00000000f5c00000, 0x00000000f5f4f908, 0x00000000f5f4fa00, 0x00000000f6160000)
 Metaspace       used 7703K, capacity 8372K, committed 8576K, reserved 1056768K
  class space    used 845K, capacity 880K, committed 896K, reserved 1048576K
}
Event: 1.577 GC heap before
{Heap before GC invocations=7 (full 0):
 def new generation   total 2432K, used 2432K [0x00000000f0a00000, 0x00000000f0ca0000, 0x00000000f5c00000)
  eden space 2176K, 100% used [0x00000000f0a00000, 0x00000000f0c20000, 0x00000000f0c20000)
  from space 256K, 100% used [0x00000000f0c60000, 0x00000000f0ca0000, 0x00000000f0ca0000)
  to   space 256K,   0% used [0x00000000f0c20000, 0x00000000f0c20000, 0x00000000f0c60000)
 tenured generation   total 5504K, used 3390K [0x00000000f5c00000, 0x00000000f6160000, 0x0000000100000000)
   the space 5504K,  61% used [0x00000000f5c00000, 0x00000000f5f4f908, 0x00000000f5f4fa00, 0x00000000f6160000)
 Metaspace       used 7723K, capacity 8372K, committed 8576K, reserved 1056768K
  class space    used 846K, capacity 880K, committed 896K, reserved 1048576K
Event: 1.580 GC heap after
Heap after GC invocations=8 (full 0):
 def new generation   total 2432K, used 256K [0x00000000f0a00000, 0x00000000f0ca0000, 0x00000000f5c00000)
  eden space 2176K,   0% used [0x00000000f0a00000, 0x00000000f0a00000, 0x00000000f0c20000)
  from space 256K, 100% used [0x00000000f0c20000, 0x00000000f0c60000, 0x00000000f0c60000)
  to   space 256K,   0% used [0x00000000f0c60000, 0x00000000f0c60000, 0x00000000f0ca0000)
 tenured generation   total 5504K, used 5158K [0x00000000f5c00000, 0x00000000f6160000, 0x0000000100000000)
   the space 5504K,  93% used [0x00000000f5c00000, 0x00000000f6109ba0, 0x00000000f6109c00, 0x00000000f6160000)
 Metaspace       used 7723K, capacity 8372K, committed 8576K, reserved 1056768K
  class space    used 846K, capacity 880K, committed 896K, reserved 1048576K
}
Event: 1.864 GC heap before
{Heap before GC invocations=8 (full 0):
 def new generation   total 2432K, used 2432K [0x00000000f0a00000, 0x00000000f0ca0000, 0x00000000f5c00000)
  eden space 2176K, 100% used [0x00000000f0a00000, 0x00000000f0c20000, 0x00000000f0c20000)
  from space 256K, 100% used [0x00000000f0c20000, 0x00000000f0c60000, 0x00000000f0c60000)
  to   space 256K,   0% used [0x00000000f0c60000, 0x00000000f0c60000, 0x00000000f0ca0000)
 tenured generation   total 5504K, used 5158K [0x00000000f5c00000, 0x00000000f6160000, 0x0000000100000000)
   the space 5504K,  93% used [0x00000000f5c00000, 0x00000000f6109ba0, 0x00000000f6109c00, 0x00000000f6160000)
 Metaspace       used 7764K, capacity 8372K, committed 8576K, reserved 1056768K
  class space    used 850K, capacity 880K, committed 896K, reserved 1048576K

