# JRE version: OpenJDK Runtime Environment (8.0_222-b10) (build 1.8.0_222-b10)
# Java VM: OpenJDK 64-Bit Server VM (25.222-b10 mixed mode linux-amd64 compressed oops)
Heap:
 def new generation   total 3584K, used 1852K [0x00000000f0a00000, 0x00000000f0de0000, 0x00000000f5c00000)
  eden space 3200K,  57% used [0x00000000f0a00000, 0x00000000f0bcf2f0, 0x00000000f0d20000)
  from space 384K,   0% used [0x00000000f0d20000, 0x00000000f0d20000, 0x00000000f0d80000)
  to   space 384K,   0% used [0x00000000f0d80000, 0x00000000f0d80000, 0x00000000f0de0000)
 tenured generation   total 7832K, used 4698K [0x00000000f5c00000, 0x00000000f63a6000, 0x0000000100000000)
   the space 7832K,  59% used [0x00000000f5c00000, 0x00000000f6096a88, 0x00000000f6096c00, 0x00000000f63a6000)
 Metaspace       used 8325K, capacity 8820K, committed 8960K, reserved 1056768K
  class space    used 913K, capacity 944K, committed 1024K, reserved 1048576K
GC Heap History (18 events):
Event: 0.424 GC heap before
{Heap before GC invocations=0 (full 0):
 def new generation   total 2432K, used 2176K [0x00000000f0a00000, 0x00000000f0ca0000, 0x00000000f5c00000)
  eden space 2176K, 100% used [0x00000000f0a00000, 0x00000000f0c20000, 0x00000000f0c20000)
  from space 256K,   0% used [0x00000000f0c20000, 0x00000000f0c20000, 0x00000000f0c60000)
  to   space 256K,   0% used [0x00000000f0c60000, 0x00000000f0c60000, 0x00000000f0ca0000)
 tenured generation   total 5504K, used 0K [0x00000000f5c00000, 0x00000000f6160000, 0x0000000100000000)
   the space 5504K,   0% used [0x00000000f5c00000, 0x00000000f5c00000, 0x00000000f5c00200, 0x00000000f6160000)
 Metaspace       used 3721K, capacity 5004K, committed 5120K, reserved 1056768K
  class space    used 379K, capacity 456K, committed 512K, reserved 1048576K
Event: 0.427 GC heap after
Heap after GC invocations=1 (full 0):
 def new generation   total 2432K, used 255K [0x00000000f0a00000, 0x00000000f0ca0000, 0x00000000f5c00000)
  eden space 2176K,   0% used [0x00000000f0a00000, 0x00000000f0a00000, 0x00000000f0c20000)
  from space 256K,  99% used [0x00000000f0c60000, 0x00000000f0c9fff8, 0x00000000f0ca0000)
  to   space 256K,   0% used [0x00000000f0c20000, 0x00000000f0c20000, 0x00000000f0c60000)
 tenured generation   total 5504K, used 165K [0x00000000f5c00000, 0x00000000f6160000, 0x0000000100000000)
   the space 5504K,   3% used [0x00000000f5c00000, 0x00000000f5c297c8, 0x00000000f5c29800, 0x00000000f6160000)
 Metaspace       used 3721K, capacity 5004K, committed 5120K, reserved 1056768K
  class space    used 379K, capacity 456K, committed 512K, reserved 1048576K
}
Event: 0.538 GC heap before
{Heap before GC invocations=1 (full 0):
 def new generation   total 2432K, used 2369K [0x00000000f0a00000, 0x00000000f0ca0000, 0x00000000f5c00000)
  eden space 2176K,  97% used [0x00000000f0a00000, 0x00000000f0c107e8, 0x00000000f0c20000)
  from space 256K,  99% used [0x00000000f0c60000, 0x00000000f0c9fff8, 0x00000000f0ca0000)
  to   space 256K,   0% used [0x00000000f0c20000, 0x00000000f0c20000, 0x00000000f0c60000)
 tenured generation   total 5504K, used 165K [0x00000000f5c00000, 0x00000000f6160000, 0x0000000100000000)
   the space 5504K,   3% used [0x00000000f5c00000, 0x00000000f5c297c8, 0x00000000f5c29800, 0x00000000f6160000)
 Metaspace       used 4443K, capacity 5676K, committed 6016K, reserved 1056768K
  class space    used 479K, capacity 552K, committed 640K, reserved 1048576K
Event: 0.543 GC heap after
Heap after GC invocations=2 (full 0):
 def new generation   total 2432K, used 256K [0x00000000f0a00000, 0x00000000f0ca0000, 0x00000000f5c00000)
  eden space 2176K,   0% used [0x00000000f0a00000, 0x00000000f0a00000, 0x00000000f0c20000)
  from space 256K, 100% used [0x00000000f0c20000, 0x00000000f0c60000, 0x00000000f0c60000)
  to   space 256K,   0% used [0x00000000f0c60000, 0x00000000f0c60000, 0x00000000f0ca0000)
 tenured generation   total 5504K, used 685K [0x00000000f5c00000, 0x00000000f6160000, 0x0000000100000000)
   the space 5504K,  12% used [0x00000000f5c00000, 0x00000000f5cab7b8, 0x00000000f5cab800, 0x00000000f6160000)
 Metaspace       used 4443K, capacity 5676K, committed 6016K, reserved 1056768K
  class space    used 479K, capacity 552K, committed 640K, reserved 1048576K
}
Event: 0.706 GC heap before
{Heap before GC invocations=2 (full 0):
 def new generation   total 2432K, used 2401K [0x00000000f0a00000, 0x00000000f0ca0000, 0x00000000f5c00000)
  eden space 2176K,  98% used [0x00000000f0a00000, 0x00000000f0c185a0, 0x00000000f0c20000)
  from space 256K, 100% used [0x00000000f0c20000, 0x00000000f0c60000, 0x00000000f0c60000)
  to   space 256K,   0% used [0x00000000f0c60000, 0x00000000f0c60000, 0x00000000f0ca0000)
 tenured generation   total 5504K, used 685K [0x00000000f5c00000, 0x00000000f6160000, 0x0000000100000000)
   the space 5504K,  12% used [0x00000000f5c00000, 0x00000000f5cab7b8, 0x00000000f5cab800, 0x00000000f6160000)
 Metaspace       used 5194K, capacity 6316K, committed 6528K, reserved 1056768K
  class space    used 566K, capacity 616K, committed 640K, reserved 1048576K
Event: 0.707 GC heap after
Heap after GC invocations=3 (full 0):
 def new generation   total 2432K, used 82K [0x00000000f0a00000, 0x00000000f0ca0000, 0x00000000f5c00000)
  eden space 2176K,   0% used [0x00000000f0a00000, 0x00000000f0a00000, 0x00000000f0c20000)
  from space 256K,  32% used [0x00000000f0c60000, 0x00000000f0c74958, 0x00000000f0ca0000)
  to   space 256K,   0% used [0x00000000f0c20000, 0x00000000f0c20000, 0x00000000f0c60000)
 tenured generation   total 5504K, used 869K [0x00000000f5c00000, 0x00000000f6160000, 0x0000000100000000)
   the space 5504K,  15% used [0x00000000f5c00000, 0x00000000f5cd9400, 0x00000000f5cd9400, 0x00000000f6160000)
 Metaspace       used 5194K, capacity 6316K, committed 6528K, reserved 1056768K
  class space    used 566K, capacity 616K, committed 640K, reserved 1048576K
}
Event: 0.816 GC heap before
{Heap before GC invocations=3 (full 0):
 def new generation   total 2432K, used 2258K [0x00000000f0a00000, 0x00000000f0ca0000, 0x00000000f5c00000)
  eden space 2176K, 100% used [0x00000000f0a00000, 0x00000000f0c20000, 0x00000000f0c20000)
  from space 256K,  32% used [0x00000000f0c60000, 0x00000000f0c74958, 0x00000000f0ca0000)
  to   space 256K,   0% used [0x00000000f0c20000, 0x00000000f0c20000, 0x00000000f0c60000)
 tenured generation   total 5504K, used 869K [0x00000000f5c00000, 0x00000000f6160000, 0x0000000100000000)
   the space 5504K,  15% used [0x00000000f5c00000, 0x00000000f5cd9400, 0x00000000f5cd9400, 0x00000000f6160000)
 Metaspace       used 5908K, capacity 6988K, committed 7168K, reserved 1056768K
  class space    used 658K, capacity 712K, committed 768K, reserved 1048576K
Event: 0.816 GC heap after
Heap after GC invocations=4 (full 0):
 def new generation   total 2432K, used 118K [0x00000000f0a00000, 0x00000000f0ca0000, 0x00000000f5c00000)
  eden space 2176K,   0% used [0x00000000f0a00000, 0x00000000f0a00000, 0x00000000f0c20000)
  from space 256K,  46% used [0x00000000f0c20000, 0x00000000f0c3d948, 0x00000000f0c60000)
  to   space 256K,   0% used [0x00000000f0c60000, 0x00000000f0c60000, 0x00000000f0ca0000)
 tenured generation   total 5504K, used 869K [0x00000000f5c00000, 0x00000000f6160000, 0x0000000100000000)
   the space 5504K,  15% used [0x00000000f5c00000, 0x00000000f5cd9400, 0x00000000f5cd9400, 0x00000000f6160000)
 Metaspace       used 5908K, capacity 6988K, committed 7168K, reserved 1056768K
  class space    used 658K, capacity 712K, committed 768K, reserved 1048576K
}
Event: 0.916 GC heap before
{Heap before GC invocations=4 (full 0):
 def new generation   total 2432K, used 2257K [0x00000000f0a00000, 0x00000000f0ca0000, 0x00000000f5c00000)
  eden space 2176K,  98% used [0x00000000f0a00000, 0x00000000f0c16dd8, 0x00000000f0c20000)
  from space 256K,  46% used [0x00000000f0c20000, 0x00000000f0c3d948, 0x00000000f0c60000)
  to   space 256K,   0% used [0x00000000f0c60000, 0x00000000f0c60000, 0x00000000f0ca0000)
 tenured generation   total 5504K, used 869K [0x00000000f5c00000, 0x00000000f6160000, 0x0000000100000000)
   the space 5504K,  15% used [0x00000000f5c00000, 0x00000000f5cd9400, 0x00000000f5cd9400, 0x00000000f6160000)
 Metaspace       used 6546K, capacity 7628K, committed 7808K, reserved 1056768K
  class space    used 726K, capacity 776K, committed 896K, reserved 1048576K
Event: 0.917 GC heap after
Heap after GC invocations=5 (full 0):
 def new generation   total 2432K, used 255K [0x00000000f0a00000, 0x00000000f0ca0000, 0x00000000f5c00000)
  eden space 2176K,   0% used [0x00000000f0a00000, 0x00000000f0a00000, 0x00000000f0c20000)
  from space 256K,  99% used [0x00000000f0c60000, 0x00000000f0c9fff8, 0x00000000f0ca0000)
  to   space 256K,   0% used [0x00000000f0c20000, 0x00000000f0c20000, 0x00000000f0c60000)
 tenured generation   total 5504K, used 1080K [0x00000000f5c00000, 0x00000000f6160000, 0x0000000100000000)
   the space 5504K,  19% used [0x00000000f5c00000, 0x00000000f5d0e258, 0x00000000f5d0e400, 0x00000000f6160000)
 Metaspace       used 6546K, capacity 7628K, committed 7808K, reserved 1056768K
  class space    used 726K, capacity 776K, committed 896K, reserved 1048576K
}
Event: 1.119 GC heap before
{Heap before GC invocations=5 (full 0):
 def new generation   total 2432K, used 2431K [0x00000000f0a00000, 0x00000000f0ca0000, 0x00000000f5c00000)
  eden space 2176K, 100% used [0x00000000f0a00000, 0x00000000f0c20000, 0x00000000f0c20000)
  from space 256K,  99% used [0x00000000f0c60000, 0x00000000f0c9fff8, 0x00000000f0ca0000)
  to   space 256K,   0% used [0x00000000f0c20000, 0x00000000f0c20000, 0x00000000f0c60000)
 tenured generation   total 5504K, used 1080K [0x00000000f5c00000, 0x00000000f6160000, 0x0000000100000000)
   the space 5504K,  19% used [0x00000000f5c00000, 0x00000000f5d0e258, 0x00000000f5d0e400, 0x00000000f6160000)
 Metaspace       used 7683K, capacity 8372K, committed 8576K, reserved 1056768K
  class space    used 843K, capacity 880K, committed 896K, reserved 1048576K
Event: 1.129 GC heap after
Heap after GC invocations=6 (full 0):
 def new generation   total 2432K, used 255K [0x00000000f0a00000, 0x00000000f0ca0000, 0x00000000f5c00000)
  eden space 2176K,   0% used [0x00000000f0a00000, 0x00000000f0a00000, 0x00000000f0c20000)
  from space 256K,  99% used [0x00000000f0c20000, 0x00000000f0c5fff8, 0x00000000f0c60000)
  to   space 256K,   0% used [0x00000000f0c60000, 0x00000000f0c60000, 0x00000000f0ca0000)
 tenured generation   total 5504K, used 1400K [0x00000000f5c00000, 0x00000000f6160000, 0x0000000100000000)
   the space 5504K,  25% used [0x00000000f5c00000, 0x00000000f5d5e308, 0x00000000f5d5e400, 0x00000000f6160000)
 Metaspace       used 7683K, capacity 8372K, committed 8576K, reserved 1056768K
  class space    used 843K, capacity 880K, committed 896K, reserved 1048576K
}
Event: 1.171 GC heap before
{Heap before GC invocations=6 (full 0):
 def new generation   total 2432K, used 2431K [0x00000000f0a00000, 0x00000000f0ca0000, 0x00000000f5c00000)
  eden space 2176K, 100% used [0x00000000f0a00000, 0x00000000f0c20000, 0x00000000f0c20000)
  from space 256K,  99% used [0x00000000f0c20000, 0x00000000f0c5fff8, 0x00000000f0c60000)
  to   space 256K,   0% used [0x00000000f0c60000, 0x00000000f0c60000, 0x00000000f0ca0000)
 tenured generation   total 5504K, used 1400K [0x00000000f5c00000, 0x00000000f6160000, 0x0000000100000000)
   the space 5504K,  25% used [0x00000000f5c00000, 0x00000000f5d5e308, 0x00000000f5d5e400, 0x00000000f6160000)
 Metaspace       used 7704K, capacity 8372K, committed 8576K, reserved 1056768K
  class space    used 845K, capacity 880K, committed 896K, reserved 1048576K
Event: 1.174 GC heap after
Heap after GC invocations=7 (full 0):
 def new generation   total 2432K, used 255K [0x00000000f0a00000, 0x00000000f0ca0000, 0x00000000f5c00000)
  eden space 2176K,   0% used [0x00000000f0a00000, 0x00000000f0a00000, 0x00000000f0c20000)
  from space 256K,  99% used [0x00000000f0c60000, 0x00000000f0c9fff8, 0x00000000f0ca0000)
  to   space 256K,   0% used [0x00000000f0c20000, 0x00000000f0c20000, 0x00000000f0c60000)
 tenured generation   total 5504K, used 3389K [0x00000000f5c00000, 0x00000000f6160000, 0x0000000100000000)
   the space 5504K,  61% used [0x00000000f5c00000, 0x00000000f5f4f700, 0x00000000f5f4f800, 0x00000000f6160000)
 Metaspace       used 7704K, capacity 8372K, committed 8576K, reserved 1056768K
  class space    used 845K, capacity 880K, committed 896K, reserved 1048576K
}
Event: 1.231 GC heap before
{Heap before GC invocations=7 (full 0):
 def new generation   total 2432K, used 2431K [0x00000000f0a00000, 0x00000000f0ca0000, 0x00000000f5c00000)
  eden space 2176K, 100% used [0x00000000f0a00000, 0x00000000f0c20000, 0x00000000f0c20000)
  from space 256K,  99% used [0x00000000f0c60000, 0x00000000f0c9fff8, 0x00000000f0ca0000)
  to   space 256K,   0% used [0x00000000f0c20000, 0x00000000f0c20000, 0x00000000f0c60000)
 tenured generation   total 5504K, used 3389K [0x00000000f5c00000, 0x00000000f6160000, 0x0000000100000000)
   the space 5504K,  61% used [0x00000000f5c00000, 0x00000000f5f4f700, 0x00000000f5f4f800, 0x00000000f6160000)
 Metaspace       used 7724K, capacity 8372K, committed 8576K, reserved 1056768K
  class space    used 846K, capacity 880K, committed 896K, reserved 1048576K
Event: 1.234 GC heap after
Heap after GC invocations=8 (full 0):
 def new generation   total 2432K, used 255K [0x00000000f0a00000, 0x00000000f0ca0000, 0x00000000f5c00000)
  eden space 2176K,   0% used [0x00000000f0a00000, 0x00000000f0a00000, 0x00000000f0c20000)
  from space 256K,  99% used [0x00000000f0c20000, 0x00000000f0c5fff8, 0x00000000f0c60000)
  to   space 256K,   0% used [0x00000000f0c60000, 0x00000000f0c60000, 0x00000000f0ca0000)
 tenured generation   total 5504K, used 5157K [0x00000000f5c00000, 0x00000000f6160000, 0x0000000100000000)
   the space 5504K,  93% used [0x00000000f5c00000, 0x00000000f61097a8, 0x00000000f6109800, 0x00000000f6160000)
 Metaspace       used 7724K, capacity 8372K, committed 8576K, reserved 1056768K
  class space    used 846K, capacity 880K, committed 896K, reserved 1048576K
}
Event: 1.462 GC heap before
{Heap before GC invocations=8 (full 0):
 def new generation   total 2432K, used 2431K [0x00000000f0a00000, 0x00000000f0ca0000, 0x00000000f5c00000)
  eden space 2176K, 100% used [0x00000000f0a00000, 0x00000000f0c20000, 0x00000000f0c20000)
  from space 256K,  99% used [0x00000000f0c20000, 0x00000000f0c5fff8, 0x00000000f0c60000)
  to   space 256K,   0% used [0x00000000f0c60000, 0x00000000f0c60000, 0x00000000f0ca0000)
 tenured generation   total 5504K, used 5157K [0x00000000f5c00000, 0x00000000f6160000, 0x0000000100000000)
   the space 5504K,  93% used [0x00000000f5c00000, 0x00000000f61097a8, 0x00000000f6109800, 0x00000000f6160000)
 Metaspace       used 7776K, capacity 8372K, committed 8576K, reserved 1056768K
  class space    used 850K, capacity 880K, committed 896K, reserved 1048576K
Event: 1.476 GC heap after
Heap after GC invocations=9 (full 1):
 def new generation   total 3584K, used 0K [0x00000000f0a00000, 0x00000000f0de0000, 0x00000000f5c00000)
  eden space 3200K,   0% used [0x00000000f0a00000, 0x00000000f0a00000, 0x00000000f0d20000)
  from space 384K,   0% used [0x00000000f0d20000, 0x00000000f0d20000, 0x00000000f0d80000)
  to   space 384K,   0% used [0x00000000f0d80000, 0x00000000f0d80000, 0x00000000f0de0000)
 tenured generation   total 7832K, used 4698K [0x00000000f5c00000, 0x00000000f63a6000, 0x0000000100000000)
   the space 7832K,  59% used [0x00000000f5c00000, 0x00000000f6096a88, 0x00000000f6096c00, 0x00000000f63a6000)
 Metaspace       used 7776K, capacity 8372K, committed 8576K, reserved 1056768K
  class space    used 850K, capacity 880K, committed 896K, reserved 1048576K
}

